==========================================
Building Morpheus WebAssembly Module
==========================================
Emscripten version:
emcc (Emscripten gcc/clang-like replacement + linker emulating GNU ld) 3.1.6 (c102a423a06d9833a8481d6859888bebf22842b0)

Defining source files from makefiles...
Total source files: 120

Compiling with Emscripten...
This may take several minutes...


Build FAILED!

=== Last 50 lines of build log: ===
warning: prototype-less function used with conflicting signatures: GregSprintGkFlags
warning: prototype-less function used with conflicting signatures: GregSprintGkFlags
warning: prototype-less function used with conflicting signatures: GregSprintGkFlags
warning: prototype-less function used with conflicting signatures: GregSprintGkFlags
warning: prototype-less function used with conflicting signatures: GregSprintGkFlags
system_libs:WARNING: main() is in the input files, but "_main" is not in EXPORTED_FUNCTIONS, which means it may be eliminated as dead code. Export it if you want main() to run.
wasm-ld: error: duplicate symbol: endlines
>>> defined in /tmp/emscripten_temp_erkqub9i/countendtables_23.o
>>> defined in /tmp/emscripten_temp_erkqub9i/indexendtables_29.o

wasm-ld: error: duplicate symbol: Gstr
>>> defined in /tmp/emscripten_temp_erkqub9i/countendtables_23.o
>>> defined in /tmp/emscripten_temp_erkqub9i/indexendtables_29.o

wasm-ld: error: duplicate symbol: JakeSprintGkFlags
>>> defined in /tmp/emscripten_temp_erkqub9i/sprntGkflags_68.o
>>> defined in /tmp/emscripten_temp_erkqub9i/sprntGkflags_116.o
emcc: error: '/emsdk/upstream/bin/wasm-ld -o /build/output/cruncher.wasm /tmp/emscripten_temp_erkqub9i/checkcrasis_0.o /tmp/emscripten_temp_erkqub9i/checkdict_1.o /tmp/emscripten_temp_erkqub9i/checkgenwds_2.o /tmp/emscripten_temp_erkqub9i/checkhalf1_3.o /tmp/emscripten_temp_erkqub9i/checkindecl_4.o /tmp/emscripten_temp_erkqub9i/checkirreg_5.o /tmp/emscripten_temp_erkqub9i/checknom_6.o /tmp/emscripten_temp_erkqub9i/checkpreverb_7.o /tmp/emscripten_temp_erkqub9i/checkstem_8.o /tmp/emscripten_temp_erkqub9i/checkstring_9.o /tmp/emscripten_temp_erkqub9i/checkverb_10.o /tmp/emscripten_temp_erkqub9i/checkword_11.o /tmp/emscripten_temp_erkqub9i/dictstems_12.o /tmp/emscripten_temp_erkqub9i/prntanal_13.o /tmp/emscripten_temp_erkqub9i/prvb_14.o /tmp/emscripten_temp_erkqub9i/stdiomorph_15.o /tmp/emscripten_temp_erkqub9i/genwd_16.o /tmp/emscripten_temp_erkqub9i/dictio_17.o /tmp/emscripten_temp_erkqub9i/derivio_18.o /tmp/emscripten_temp_erkqub9i/compnoun_19.o /tmp/emscripten_temp_erkqub9i/acccompos_20.o /tmp/emscripten_temp_erkqub9i/checkforbreath_21.o /tmp/emscripten_temp_erkqub9i/contract_22.o /tmp/emscripten_temp_erkqub9i/countendtables_23.o /tmp/emscripten_temp_erkqub9i/endindex_24.o /tmp/emscripten_temp_erkqub9i/euphend_25.o /tmp/emscripten_temp_erkqub9i/expendtable_26.o /tmp/emscripten_temp_erkqub9i/fixeta_27.o /tmp/emscripten_temp_erkqub9i/getcurrend_28.o /tmp/emscripten_temp_erkqub9i/indexendtables_29.o /tmp/emscripten_temp_erkqub9i/lcontr_30.o /tmp/emscripten_temp_erkqub9i/merge_31.o /tmp/emscripten_temp_erkqub9i/mkend_32.o /tmp/emscripten_temp_erkqub9i/nextsufftab_33.o /tmp/emscripten_temp_erkqub9i/retrends_34.o /tmp/emscripten_temp_erkqub9i/stor_35.o /tmp/emscripten_temp_erkqub9i/adddomain_36.o /tmp/emscripten_temp_erkqub9i/addninfix_37.o /tmp/emscripten_temp_erkqub9i/antepenform_38.o /tmp/emscripten_temp_erkqub9i/augment_39.o /tmp/emscripten_temp_erkqub9i/beta2rtf_40.o /tmp/emscripten_temp_erkqub9i/beta2smarta_41.o /tmp/emscripten_temp_erkqub9i/cmpend_42.o /tmp/emscripten_temp_erkqub9i/conjstem_43.o /tmp/emscripten_temp_erkqub9i/endio_44.o /tmp/emscripten_temp_erkqub9i/errormess_45.o /tmp/emscripten_temp_erkqub9i/fixacc_46.o /tmp/emscripten_temp_erkqub9i/gkstring_47.o /tmp/emscripten_temp_erkqub9i/gktoasc_48.o /tmp/emscripten_temp_erkqub9i/indkeys_49.o /tmp/emscripten_temp_erkqub9i/is_thirdmono_50.o /tmp/emscripten_temp_erkqub9i/loadeuph_51.o /tmp/emscripten_temp_erkqub9i/markstem_52.o /tmp/emscripten_temp_erkqub9i/morphflags_53.o /tmp/emscripten_temp_erkqub9i/morphkeys_54.o /tmp/emscripten_temp_erkqub9i/morphpath_55.o /tmp/emscripten_temp_erkqub9i/morphstrcmp_56.o /tmp/emscripten_temp_erkqub9i/new_val_57.o /tmp/emscripten_temp_erkqub9i/nextkey_58.o /tmp/emscripten_temp_erkqub9i/numovable_59.o /tmp/emscripten_temp_erkqub9i/penultform_60.o /tmp/emscripten_temp_erkqub9i/pres_redup_61.o /tmp/emscripten_temp_erkqub9i/preverb_62.o /tmp/emscripten_temp_erkqub9i/preverb2_63.o /tmp/emscripten_temp_erkqub9i/preverb3_64.o /tmp/emscripten_temp_erkqub9i/retrentry_65.o /tmp/emscripten_temp_erkqub9i/setlang_66.o /tmp/emscripten_temp_erkqub9i/smk2beta_67.o /tmp/emscripten_temp_erkqub9i/sprntGkflags_68.o /tmp/emscripten_temp_erkqub9i/standphon_69.o /tmp/emscripten_temp_erkqub9i/trimwhite_70.o /tmp/emscripten_temp_erkqub9i/ultform_71.o /tmp/emscripten_temp_erkqub9i/ulttakescirc_72.o /tmp/emscripten_temp_erkqub9i/Fclose_73.o /tmp/emscripten_temp_erkqub9i/addaccent_74.o /tmp/emscripten_temp_erkqub9i/addbreath_75.o /tmp/emscripten_temp_erkqub9i/aspirate_76.o /tmp/emscripten_temp_erkqub9i/beta_tolower_77.o /tmp/emscripten_temp_erkqub9i/binlook_78.o /tmp/emscripten_temp_erkqub9i/checkaccent_79.o /tmp/emscripten_temp_erkqub9i/cinsert_80.o /tmp/emscripten_temp_erkqub9i/do_dissim_81.o /tmp/emscripten_temp_erkqub9i/endsinstr_82.o /tmp/emscripten_temp_erkqub9i/getaccent_83.o /tmp/emscripten_temp_erkqub9i/getaccp_84.o /tmp/emscripten_temp_erkqub9i/getbreath_85.o /tmp/emscripten_temp_erkqub9i/getquantity_86.o /tmp/emscripten_temp_erkqub9i/getsyll_87.o /tmp/emscripten_temp_erkqub9i/gkstrlen_88.o /tmp/emscripten_temp_erkqub9i/hasaccent_89.o /tmp/emscripten_temp_erkqub9i/hasdiaer_90.o /tmp/emscripten_temp_erkqub9i/hasquant_91.o /tmp/emscripten_temp_erkqub9i/isblank_92.o /tmp/emscripten_temp_erkqub9i/isdiphth_93.o /tmp/emscripten_temp_erkqub9i/issubstring_94.o /tmp/emscripten_temp_erkqub9i/keyio_95.o /tmp/emscripten_temp_erkqub9i/longbyposition_96.o /tmp/emscripten_temp_erkqub9i/naccents_97.o /tmp/emscripten_temp_erkqub9i/normucase_98.o /tmp/emscripten_temp_erkqub9i/nsylls_99.o /tmp/emscripten_temp_erkqub9i/quantprim_100.o /tmp/emscripten_temp_erkqub9i/shortanalog_101.o /tmp/emscripten_temp_erkqub9i/standalpha_102.o /tmp/emscripten_temp_erkqub9i/standword_103.o /tmp/emscripten_temp_erkqub9i/stripacc_104.o /tmp/emscripten_temp_erkqub9i/stripacute_105.o /tmp/emscripten_temp_erkqub9i/stripbreath_106.o /tmp/emscripten_temp_erkqub9i/stripchar_107.o /tmp/emscripten_temp_erkqub9i/stripdiaer_108.o /tmp/emscripten_temp_erkqub9i/stripmeta_109.o /tmp/emscripten_temp_erkqub9i/stripquant_110.o /tmp/emscripten_temp_erkqub9i/stripstemsep_111.o /tmp/emscripten_temp_erkqub9i/stripzeroend_112.o /tmp/emscripten_temp_erkqub9i/strsqz_113.o /tmp/emscripten_temp_erkqub9i/subchar_114.o /tmp/emscripten_temp_erkqub9i/vaxwords_115.o /tmp/emscripten_temp_erkqub9i/sprntGkflags_116.o /tmp/emscripten_temp_erkqub9i/xstrings_117.o /tmp/emscripten_temp_erkqub9i/zap2ndbreath_118.o /tmp/emscripten_temp_erkqub9i/morpheus_wrapper_119.o -L/emsdk/upstream/emscripten/cache/sysroot/lib/wasm32-emscripten -lGL -lal -lhtml5 -lstubs -lnoexit -lc -ldlmalloc -lcompiler_rt -lc++-noexcept -lc++abi-noexcept -lsockets -mllvm -combiner-global-alias-analysis=false -mllvm -enable-emscripten-sjlj -mllvm -disable-lsr --import-undefined --strip-debug --export-if-defined=morpheus_init --export-if-defined=morpheus_set_language --export-if-defined=morpheus_analyze --export-if-defined=morpheus_analyze_batch --export-if-defined=morpheus_get_last_error --export-if-defined=morpheus_destroy --export-if-defined=malloc --export-if-defined=free --export-if-defined=__start_em_asm --export-if-defined=__stop_em_asm --export=stackSave --export=stackRestore --export=stackAlloc --export=__wasm_call_ctors --export=__errno_location --export=malloc --export=free --export-table -z stack-size=5242880 --initial-memory=134217728 --no-entry --max-memory=536870912 --global-base=1024' failed (returned 1)

